<?xml version="1.0" encoding="utf-8"?><testsuites name="pytest tests"><testsuite name="pytest" errors="0" failures="0" skipped="0" tests="21" time="0.128" timestamp="2026-07-08T12:39:33.833060+02:00" hostname="DUBI01"><testcase classname="tests.test_content_cleanup_processor" name="test_content_cleanup_processor_strips_body_whitespace" time="0.000" /><testcase classname="tests.test_content_cleanup_processor" name="test_content_cleanup_processor_ignores_missing_body" time="0.000" /><testcase classname="tests.test_default_pipeline_integration" name="test_default_pipeline_validates_and_processes_notes" time="0.000" /><testcase classname="tests.test_default_pipeline_timings" name="test_default_pipeline_adds_timings" time="0.000" /><testcase classname="tests.test_import_report" name="test_import_report_counts_notes" time="0.000" /><testcase classname="tests.test_note_validator" name="test_note_validator_warns_on_missing_title" time="0.000" /><testcase classname="tests.test_note_validator" name="test_note_validator_errors_on_missing_body" time="0.000" /><testcase classname="tests.test_note_validator" name="test_note_validator_accepts_valid_note" time="0.000" /><testcase classname="tests.test_pipeline_context" name="test_pipeline_context_holds_paths_and_report" time="0.000" /><testcase classname="tests.test_pipeline_factory" name="test_pipeline_factory_creates_default_pipeline" time="0.000" /><testcase classname="tests.test_pipeline_factory" name="test_pipeline_factory_default_pipeline_keeps_valid_notes" time="0.000" /><testcase classname="tests.test_pipeline_factory" name="test_pipeline_factory_default_pipeline_cleans_title" time="0.001" /><testcase classname="tests.test_pipeline_factory" name="test_pipeline_factory_default_pipeline_cleans_body" time="0.001" /><testcase classname="tests.test_processing_pipeline" name="test_processing_pipeline_runs_steps_in_order" time="0.000" /><testcase classname="tests.test_processing_pipeline" name="test_processing_pipeline_with_step_returns_self" time="0.000" /><testcase classname="tests.test_processing_step" name="test_processing_step_runs_processors_in_order" time="0.000" /><testcase classname="tests.test_timing_step" name="test_timing_step_adds_timing_to_report" time="0.000" /><testcase classname="tests.test_title_cleanup_processor" name="test_title_cleanup_processor_strips_title_whitespace" time="0.000" /><testcase classname="tests.test_title_cleanup_processor" name="test_title_cleanup_processor_ignores_missing_title" time="0.000" /><testcase classname="tests.test_validation_step" name="test_validation_step_adds_messages_to_report" time="0.000" /><testcase classname="tests.test_validator_base" name="test_validation_result_detects_errors_and_warnings" time="0.000" /></testsuite></testsuites>