<?xml version="1.0" encoding="utf-8"?><testsuites name="pytest tests"><testsuite name="pytest" errors="0" failures="6" skipped="0" tests="20" time="0.181" timestamp="2026-07-08T09:41:57.130291+02:00" hostname="DUBI01"><testcase classname="tests.test_content_cleanup_processor" name="test_content_cleanup_processor_strips_content_whitespace" time="0.001"><failure message="AssertionError: assert '\n\nMijn tekst\n\n' == 'Mijn tekst'&#10;  &#10;  + &#10;  + &#10;  - Mijn tekst&#10;  + Mijn tekst&#10;  ?           +&#10;  +">def test_content_cleanup_processor_strips_content_whitespace():
        processor = ContentCleanupProcessor()
    
        note = FakeNote("\n\nMijn tekst\n\n")
    
        result = processor.process(note)
    
&gt;       assert result.content == "Mijn tekst"
E       AssertionError: assert '\n\nMijn tekst\n\n' == 'Mijn tekst'
E         
E         + 
E         + 
E         - Mijn tekst
E         + Mijn tekst
E         ?           +
E         +

tests\test_content_cleanup_processor.py:16: AssertionError</failure></testcase><testcase classname="tests.test_content_cleanup_processor" name="test_content_cleanup_processor_ignores_missing_content" time="0.000" /><testcase classname="tests.test_default_pipeline_integration" name="test_default_pipeline_validates_and_processes_notes" time="0.001"><failure message="AssertionError: assert '\n\nInhoud\n\n' == 'Inhoud'&#10;  &#10;  + &#10;  + &#10;  - Inhoud&#10;  + Inhoud&#10;  ?       +&#10;  +">def test_default_pipeline_validates_and_processes_notes():
        report = ImportReport(source="test.enex", importer="evernote")
    
        context = PipelineContext(
            source_path=Path("test.enex"),
            output_path=Path("output"),
            importer_name="evernote",
            report=report,
        )
    
        notes = [
            FakeNote(
                title="  Geldige notitie  ",
                content="\n\nInhoud\n\n",
                attachments=[
                    FakeAttachment(filename="image.png"),
                ],
                metadata={"guid": "abc"},
            ),
            FakeNote(
                title="",
                content=None,
                attachments=[
                    FakeAttachment(filename=""),
                ],
                metadata=None,
            ),
        ]
    
        pipeline = PipelineFactory.create_default()
    
        result = pipeline.run(notes, context)
    
        assert len(result) == 2
    
        assert result[0].title == "Geldige notitie"
&gt;       assert result[0].content == "Inhoud"
E       AssertionError: assert '\n\nInhoud\n\n' == 'Inhoud'
E         
E         + 
E         + 
E         - Inhoud
E         + Inhoud
E         ?       +
E         +

tests\test_default_pipeline_integration.py:57: AssertionError</failure></testcase><testcase classname="tests.test_import_report" name="test_import_report_counts_notes" time="0.000" /><testcase classname="tests.test_note_validator" name="test_note_validator_warns_on_missing_title" time="0.000" /><testcase classname="tests.test_note_validator" name="test_note_validator_errors_on_missing_content" time="0.001"><failure message="AssertionError: assert 'note-missing-body' == 'note-missing-content'&#10;  &#10;  - note-missing-content&#10;  ?              ^ ^^^^^&#10;  + note-missing-body&#10;  ?              ^ ^^">def test_note_validator_errors_on_missing_content():
        validator = NoteValidator()
    
        result = validator.validate(FakeNote(title="Title", content=None))
    
        assert result.has_errors is True
&gt;       assert result.messages[0].code == "note-missing-content"
E       AssertionError: assert 'note-missing-body' == 'note-missing-content'
E         
E         - note-missing-content
E         ?              ^ ^^^^^
E         + note-missing-body
E         ?              ^ ^^

tests\test_note_validator.py:27: AssertionError</failure></testcase><testcase classname="tests.test_note_validator" name="test_note_validator_accepts_valid_note" time="0.000"><failure message="AssertionError: assert True is False&#10; +  where True = ValidationResult(messages=[ValidationMessage(level='error', code='note-missing-body', message='Note has no body', context=None)]).has_errors">def test_note_validator_accepts_valid_note():
        validator = NoteValidator()
    
        result = validator.validate(FakeNote(title="Title", content="Hello"))
    
&gt;       assert result.has_errors is False
E       AssertionError: assert True is False
E        +  where True = ValidationResult(messages=[ValidationMessage(level='error', code='note-missing-body', message='Note has no body', context=None)]).has_errors

tests\test_note_validator.py:35: AssertionError</failure></testcase><testcase classname="tests.test_pipeline_context" name="test_pipeline_context_holds_paths_and_report" time="0.000" /><testcase classname="tests.test_pipeline_factory" name="test_pipeline_factory_creates_default_pipeline" time="0.000" /><testcase classname="tests.test_pipeline_factory" name="test_pipeline_factory_default_pipeline_keeps_valid_notes" time="0.001"><failure message="AssertionError: assert [ImportMessage(level='error', message='Note has no body', context={'code': 'note-missing-body'})] == []&#10;  &#10;  Left contains one more item: ImportMessage(level='error', message='Note has no body', context={'code': 'note-missing-body'})&#10;  &#10;  Full diff:&#10;  - []&#10;  + [&#10;  +     ImportMessage(&#10;  +         level='error',&#10;  +         message='Note has no body',&#10;  +         context={&#10;  +                     'code': 'note-missing-body',&#10;  +                 },&#10;  +     ),&#10;  + ]">def test_pipeline_factory_default_pipeline_keeps_valid_notes():
        report = ImportReport(source="test.enex", importer="evernote")
    
        context = PipelineContext(
            source_path=Path("test.enex"),
            output_path=Path("output"),
            importer_name="evernote",
            report=report,
        )
    
        pipeline = PipelineFactory.create_default()
    
        notes = [
            FakeNote(title="Valid", content="Content"),
        ]
    
        result = pipeline.run(notes, context)
    
        assert result == notes
&gt;       assert report.errors == []
E       AssertionError: assert [ImportMessage(level='error', message='Note has no body', context={'code': 'note-missing-body'})] == []
E         
E         Left contains one more item: ImportMessage(level='error', message='Note has no body', context={'code': 'note-missing-body'})
E         
E         Full diff:
E         - []
E         + [
E         +     ImportMessage(
E         +         level='error',
E         +         message='Note has no body',
E         +         context={
E         +                     'code': 'note-missing-body',
E         +                 },
E         +     ),
E         + ]

tests\test_pipeline_factory.py:58: AssertionError</failure></testcase><testcase classname="tests.test_pipeline_factory" name="test_pipeline_factory_default_pipeline_cleans_title" time="0.000" /><testcase classname="tests.test_pipeline_factory" name="test_pipeline_factory_default_pipeline_cleans_content" time="0.001"><failure message="AssertionError: assert '\n\nContent\n\n' == 'Content'&#10;  &#10;  + &#10;  + &#10;  - Content&#10;  + Content&#10;  ?        +&#10;  +">def test_pipeline_factory_default_pipeline_cleans_content():
        report = ImportReport(source="test.enex", importer="evernote")
    
        context = PipelineContext(
            source_path=Path("test.enex"),
            output_path=Path("output"),
            importer_name="evernote",
            report=report,
        )
    
        pipeline = PipelineFactory.create_default()
    
        notes = [
            FakeNote(title="Title", content="\n\nContent\n\n"),
        ]
    
        result = pipeline.run(notes, context)
    
&gt;       assert result[0].content == "Content"
E       AssertionError: assert '\n\nContent\n\n' == 'Content'
E         
E         + 
E         + 
E         - Content
E         + Content
E         ?        +
E         +

tests\test_pipeline_factory.py:98: AssertionError</failure></testcase><testcase classname="tests.test_processing_pipeline" name="test_processing_pipeline_runs_steps_in_order" time="0.000" /><testcase classname="tests.test_processing_pipeline" name="test_processing_pipeline_with_step_returns_self" time="0.000" /><testcase classname="tests.test_processing_step" name="test_processing_step_runs_processors_in_order" time="0.000" /><testcase classname="tests.test_timing_step" name="test_timing_step_adds_timing_to_report" time="0.000" /><testcase classname="tests.test_title_cleanup_processor" name="test_title_cleanup_processor_strips_title_whitespace" time="0.000" /><testcase classname="tests.test_title_cleanup_processor" name="test_title_cleanup_processor_ignores_missing_title" time="0.000" /><testcase classname="tests.test_validation_step" name="test_validation_step_adds_messages_to_report" time="0.000" /><testcase classname="tests.test_validator_base" name="test_validation_result_detects_errors_and_warnings" time="0.000" /></testsuite></testsuites>